C:\Users\Public\Documents\mestrado\Homesystem\miguel\HsSystembox\HsSystembox\HsSystembox\Debug\cl.command.1.tlog
C:\Users\Public\Documents\mestrado\Homesystem\miguel\HsSystembox\HsSystembox\HsSystembox\Debug\CL.read.1.tlog
C:\Users\Public\Documents\mestrado\Homesystem\miguel\HsSystembox\HsSystembox\HsSystembox\Debug\CL.write.1.tlog
C:\Users\Public\Documents\mestrado\Homesystem\miguel\HsSystembox\HsSystembox\HsSystembox\Debug\custombuild.command.1.tlog
C:\Users\Public\Documents\mestrado\Homesystem\miguel\HsSystembox\HsSystembox\HsSystembox\Debug\custombuild.read.1.tlog
C:\Users\Public\Documents\mestrado\Homesystem\miguel\HsSystembox\HsSystembox\HsSystembox\Debug\custombuild.write.1.tlog
C:\USERS\PUBLIC\DOCUMENTS\MESTRADO\HOMESYSTEM\MIGUEL\HSSYSTEMBOX\HSSYSTEMBOX\HSSYSTEMBOX\DEBUG\DEFINICOESGLOBAIS.OBJ
C:\USERS\PUBLIC\DOCUMENTS\MESTRADO\HOMESYSTEM\MIGUEL\HSSYSTEMBOX\HSSYSTEMBOX\HSSYSTEMBOX\DEBUG\EMOHANDLER.OBJ
C:\USERS\PUBLIC\DOCUMENTS\MESTRADO\HOMESYSTEM\MIGUEL\HSSYSTEMBOX\HSSYSTEMBOX\HSSYSTEMBOX\DEBUG\HSSYSTEMBOX.EXE.INTERMEDIATE.MANIFEST
C:\Users\Public\Documents\mestrado\Homesystem\miguel\HsSystembox\HsSystembox\HsSystembox\Debug\HsSystembox.vcxprojResolveAssemblyReference.cache
C:\Users\Public\Documents\mestrado\Homesystem\miguel\HsSystembox\HsSystembox\HsSystembox\Debug\HsSystembox.write.1.tlog
C:\USERS\PUBLIC\DOCUMENTS\MESTRADO\HOMESYSTEM\MIGUEL\HSSYSTEMBOX\HSSYSTEMBOX\HSSYSTEMBOX\DEBUG\HSTCPPOLLCOMM.OBJ
C:\Users\Public\Documents\mestrado\Homesystem\miguel\HsSystembox\HsSystembox\HsSystembox\Debug\link.command.1.tlog
C:\Users\Public\Documents\mestrado\Homesystem\miguel\HsSystembox\HsSystembox\HsSystembox\Debug\link.read.1.tlog
C:\Users\Public\Documents\mestrado\Homesystem\miguel\HsSystembox\HsSystembox\HsSystembox\Debug\link.write.1.tlog
C:\USERS\PUBLIC\DOCUMENTS\MESTRADO\HOMESYSTEM\MIGUEL\HSSYSTEMBOX\HSSYSTEMBOX\HSSYSTEMBOX\DEBUG\MAIN.OBJ
C:\USERS\PUBLIC\DOCUMENTS\MESTRADO\HOMESYSTEM\MIGUEL\HSSYSTEMBOX\HSSYSTEMBOX\HSSYSTEMBOX\DEBUG\MOC_EMOHANDLER.OBJ
C:\USERS\PUBLIC\DOCUMENTS\MESTRADO\HOMESYSTEM\MIGUEL\HSSYSTEMBOX\HSSYSTEMBOX\HSSYSTEMBOX\DEBUG\MOC_HSTCPPOLLCOMM.OBJ
C:\Users\Public\Documents\mestrado\Homesystem\miguel\HsSystembox\HsSystembox\HsSystembox\Debug\mt.command.1.tlog
C:\Users\Public\Documents\mestrado\Homesystem\miguel\HsSystembox\HsSystembox\HsSystembox\Debug\mt.read.1.tlog
C:\Users\Public\Documents\mestrado\Homesystem\miguel\HsSystembox\HsSystembox\HsSystembox\Debug\mt.write.1.tlog
C:\USERS\PUBLIC\DOCUMENTS\MESTRADO\HOMESYSTEM\MIGUEL\HSSYSTEMBOX\HSSYSTEMBOX\HSSYSTEMBOX\DEBUG\QRC_HSSYSTEMBOX.OBJ
C:\USERS\PUBLIC\DOCUMENTS\MESTRADO\HOMESYSTEM\MIGUEL\HSSYSTEMBOX\HSSYSTEMBOX\HSSYSTEMBOX\DEBUG\VC100.PDB
C:\USERS\PUBLIC\DOCUMENTS\MESTRADO\HOMESYSTEM\MIGUEL\HSSYSTEMBOX\HSSYSTEMBOX\HSSYSTEMBOX\GENERATEDFILES\DEBUG\MOC_EMOHANDLER.CPP
C:\USERS\PUBLIC\DOCUMENTS\MESTRADO\HOMESYSTEM\MIGUEL\HSSYSTEMBOX\HSSYSTEMBOX\HSSYSTEMBOX\GENERATEDFILES\DEBUG\MOC_HSTCPPOLLCOMM.CPP
C:\USERS\PUBLIC\DOCUMENTS\MESTRADO\HOMESYSTEM\MIGUEL\HSSYSTEMBOX\HSSYSTEMBOX\HSSYSTEMBOX\GENERATEDFILES\QRC_HSSYSTEMBOX.CPP
C:\USERS\PUBLIC\DOCUMENTS\MESTRADO\HOMESYSTEM\MIGUEL\HSSYSTEMBOX\HSSYSTEMBOX\HSSYSTEMBOX\GENERATEDFILES\UI_HSSYSTEMBOX.H
C:\USERS\PUBLIC\DOCUMENTS\MESTRADO\HOMESYSTEM\MIGUEL\HSSYSTEMBOX\HSSYSTEMBOX\HSSYSTEMBOX\WIN32\DEBUG\HSSYSTEMBOX.EXE
C:\USERS\PUBLIC\DOCUMENTS\MESTRADO\HOMESYSTEM\MIGUEL\HSSYSTEMBOX\HSSYSTEMBOX\HSSYSTEMBOX\WIN32\DEBUG\HSSYSTEMBOX.ILK
C:\USERS\PUBLIC\DOCUMENTS\MESTRADO\HOMESYSTEM\MIGUEL\HSSYSTEMBOX\HSSYSTEMBOX\HSSYSTEMBOX\WIN32\DEBUG\HSSYSTEMBOX.PDB
