Build started 05/11/2014 01:55:41.
     1>Project "D:\Dropbox\Semestre Corrente\Projeto Emotive\Clone\Mestrado\HsSystembox.vcxproj" on node 2 (build target(s)).
     1>InitializeBuildStatus:
         Creating "Release\HsSystembox.unsuccessfulbuild" because "AlwaysCreate" was specified.
       CustomBuild:
         Moc'ing hstcppollcomm.h...
       ClCompile:
         C:\Program Files (x86)\Microsoft Visual Studio 10.0\VC\bin\CL.exe /c /I.\GeneratedFiles /I. /IC:\Qt\Qt5.3.2\5.3\msvc2010_opengl\include /I.\GeneratedFiles\Release /IC:\Qt\Qt5.3.2\5.3\msvc2010_opengl\include\QtCore /IC:\Qt\Qt5.3.2\5.3\msvc2010_opengl\include\QtGui /IC:\Qt\Qt5.3.2\5.3\msvc2010_opengl\include\QtNetwork /IC:\Qt\Qt5.3.2\5.3\msvc2010_opengl\include\QtWidgets /nologo /W1 /WX- /O2 /Oy- /D UNICODE /D WIN32 /D WIN64 /D QT_DLL /D QT_NO_DEBUG /D NDEBUG /D QT_CORE_LIB /D QT_GUI_LIB /D QT_NETWORK_LIB /D QT_WIDGETS_LIB /Gm- /EHsc /MD /GS /fp:precise /Zc:wchar_t /Zc:forScope /Fo"Release\\" /Fd"Release\vc100.pdb" /Gd /TP /analyze- /errorReport:prompt GeneratedFiles\Release\moc_hstcppollcomm.cpp hstcppollcomm.cpp main.cpp
         moc_hstcppollcomm.cpp
         hstcppollcomm.cpp
         main.cpp
         Generating Code...
         All outputs are up-to-date.
       Link:
         C:\Program Files (x86)\Microsoft Visual Studio 10.0\VC\bin\link.exe /ERRORREPORT:PROMPT /OUT:"D:\Dropbox\Semestre Corrente\Projeto Emotive\Clone\Mestrado\Win32\Release\\HsSystembox.exe" /NOLOGO /LIBPATH:C:\Qt\Qt5.3.2\5.3\msvc2010_opengl\lib qtmain.lib Qt5Core.lib Qt5Gui.lib Qt5Network.lib Qt5Widgets.lib kernel32.lib user32.lib gdi32.lib winspool.lib comdlg32.lib advapi32.lib shell32.lib ole32.lib oleaut32.lib uuid.lib odbc32.lib odbccp32.lib /MANIFEST /ManifestFile:"Release\HsSystembox.exe.intermediate.manifest" /MANIFESTUAC:"level='asInvoker' uiAccess='false'" /PDB:"D:\Dropbox\Semestre Corrente\Projeto Emotive\Clone\Mestrado\Win32\Release\HsSystembox.pdb" /SUBSYSTEM:CONSOLE /TLBID:1 /DYNAMICBASE /NXCOMPAT /IMPLIB:"D:\Dropbox\Semestre Corrente\Projeto Emotive\Clone\Mestrado\Win32\Release\HsSystembox.lib" /MACHINE:X86 Release\DefinicoesGlobais.obj
         Release\EmoHandler.obj
         Release\qrc_hssystembox.obj
         Release\moc_hstcppollcomm.obj
         Release\hstcppollcomm.obj
         Release\main.obj
         HsSystembox.vcxproj -> D:\Dropbox\Semestre Corrente\Projeto Emotive\Clone\Mestrado\Win32\Release\HsSystembox.exe
       Manifest:
         C:\Program Files (x86)\Microsoft SDKs\Windows\v7.0A\bin\mt.exe /nologo /verbose /outputresource:"D:\Dropbox\Semestre Corrente\Projeto Emotive\Clone\Mestrado\Win32\Release\\HsSystembox.exe;#1" /manifest Release\HsSystembox.exe.intermediate.manifest
       FinalizeBuildStatus:
         Deleting file "Release\HsSystembox.unsuccessfulbuild".
         Touching "Release\HsSystembox.lastbuildstate".
     1>Done Building Project "D:\Dropbox\Semestre Corrente\Projeto Emotive\Clone\Mestrado\HsSystembox.vcxproj" (build target(s)).

Build succeeded.

Time Elapsed 00:00:07.27
