C:\USERS\PUBLIC\DOCUMENTS\MESTRADO\HOMESYSTEM\MIGUEL\HSSYSTEMBOX\HSSYSTEMBOX\HSSYSTEMBOX\GENERATEDFILES\QRC_HSSYSTEMBOX.CPP
C:\USERS\PUBLIC\DOCUMENTS\MESTRADO\HOMESYSTEM\MIGUEL\HSSYSTEMBOX\HSSYSTEMBOX\HSSYSTEMBOX\GENERATEDFILES\RELEASE\MOC_EMOHANDLER.CPP
C:\USERS\PUBLIC\DOCUMENTS\MESTRADO\HOMESYSTEM\MIGUEL\HSSYSTEMBOX\HSSYSTEMBOX\HSSYSTEMBOX\GENERATEDFILES\RELEASE\MOC_HSTCPPOLLCOMM.CPP
C:\USERS\PUBLIC\DOCUMENTS\MESTRADO\HOMESYSTEM\MIGUEL\HSSYSTEMBOX\HSSYSTEMBOX\HSSYSTEMBOX\GENERATEDFILES\UI_HSSYSTEMBOX.H
C:\Users\Public\Documents\mestrado\Homesystem\miguel\HsSystembox\HsSystembox\HsSystembox\Release\cl.command.1.tlog
C:\Users\Public\Documents\mestrado\Homesystem\miguel\HsSystembox\HsSystembox\HsSystembox\Release\CL.read.1.tlog
C:\Users\Public\Documents\mestrado\Homesystem\miguel\HsSystembox\HsSystembox\HsSystembox\Release\CL.write.1.tlog
C:\Users\Public\Documents\mestrado\Homesystem\miguel\HsSystembox\HsSystembox\HsSystembox\Release\custombuild.command.1.tlog
C:\Users\Public\Documents\mestrado\Homesystem\miguel\HsSystembox\HsSystembox\HsSystembox\Release\custombuild.read.1.tlog
C:\Users\Public\Documents\mestrado\Homesystem\miguel\HsSystembox\HsSystembox\HsSystembox\Release\custombuild.write.1.tlog
C:\USERS\PUBLIC\DOCUMENTS\MESTRADO\HOMESYSTEM\MIGUEL\HSSYSTEMBOX\HSSYSTEMBOX\HSSYSTEMBOX\RELEASE\DEFINICOESGLOBAIS.OBJ
C:\USERS\PUBLIC\DOCUMENTS\MESTRADO\HOMESYSTEM\MIGUEL\HSSYSTEMBOX\HSSYSTEMBOX\HSSYSTEMBOX\RELEASE\EMOHANDLER.OBJ
C:\Users\Public\Documents\mestrado\Homesystem\miguel\HsSystembox\HsSystembox\HsSystembox\Release\HsSystembox.vcxprojResolveAssemblyReference.cache
C:\Users\Public\Documents\mestrado\Homesystem\miguel\HsSystembox\HsSystembox\HsSystembox\Release\HsSystembox.write.1.tlog
C:\USERS\PUBLIC\DOCUMENTS\MESTRADO\HOMESYSTEM\MIGUEL\HSSYSTEMBOX\HSSYSTEMBOX\HSSYSTEMBOX\RELEASE\HSTCPPOLLCOMM.OBJ
C:\Users\Public\Documents\mestrado\Homesystem\miguel\HsSystembox\HsSystembox\HsSystembox\Release\link.command.1.tlog
C:\Users\Public\Documents\mestrado\Homesystem\miguel\HsSystembox\HsSystembox\HsSystembox\Release\link.read.1.tlog
C:\Users\Public\Documents\mestrado\Homesystem\miguel\HsSystembox\HsSystembox\HsSystembox\Release\link.write.1.tlog
C:\USERS\PUBLIC\DOCUMENTS\MESTRADO\HOMESYSTEM\MIGUEL\HSSYSTEMBOX\HSSYSTEMBOX\HSSYSTEMBOX\RELEASE\MAIN.OBJ
C:\USERS\PUBLIC\DOCUMENTS\MESTRADO\HOMESYSTEM\MIGUEL\HSSYSTEMBOX\HSSYSTEMBOX\HSSYSTEMBOX\RELEASE\MOC_EMOHANDLER.OBJ
C:\USERS\PUBLIC\DOCUMENTS\MESTRADO\HOMESYSTEM\MIGUEL\HSSYSTEMBOX\HSSYSTEMBOX\HSSYSTEMBOX\RELEASE\MOC_HSTCPPOLLCOMM.OBJ
C:\Users\Public\Documents\mestrado\Homesystem\miguel\HsSystembox\HsSystembox\HsSystembox\Release\mt.command.1.tlog
C:\Users\Public\Documents\mestrado\Homesystem\miguel\HsSystembox\HsSystembox\HsSystembox\Release\mt.read.1.tlog
C:\Users\Public\Documents\mestrado\Homesystem\miguel\HsSystembox\HsSystembox\HsSystembox\Release\mt.write.1.tlog
C:\USERS\PUBLIC\DOCUMENTS\MESTRADO\HOMESYSTEM\MIGUEL\HSSYSTEMBOX\HSSYSTEMBOX\HSSYSTEMBOX\RELEASE\QRC_HSSYSTEMBOX.OBJ
C:\USERS\PUBLIC\DOCUMENTS\MESTRADO\HOMESYSTEM\MIGUEL\HSSYSTEMBOX\HSSYSTEMBOX\HSSYSTEMBOX\WIN32\RELEASE\HSSYSTEMBOX.EXE
